[2024-01-19 03:14:00] local.ERROR: Cannot declare class CreatePersonalAccessTokensTable, because the name is already in use {"exception":"[object] (Symfony\\Component\\ErrorHandler\\Error\\FatalError(code: 0): Cannot declare class CreatePersonalAccessTokensTable, because the name is already in use at F:\\DO_AN\\Do_An_BQT_88\\database\\migrations\\2024_01_19_031234_create_personal_access_tokens_table.php:7)
[stacktrace]
#0 {main}
"} 
[2024-01-19 03:15:16] local.ERROR: Cannot declare class CreatePersonalAccessTokensTable, because the name is already in use {"exception":"[object] (Symfony\\Component\\ErrorHandler\\Error\\FatalError(code: 0): Cannot declare class CreatePersonalAccessTokensTable, because the name is already in use at F:\\DO_AN\\Do_An_BQT_88\\database\\migrations\\2024_01_19_031234_create_personal_access_tokens_table.php:7)
[stacktrace]
#0 {main}
"} 
[2024-01-19 03:17:07] local.ERROR: Cannot declare class CreatePersonalAccessTokensTable, because the name is already in use {"exception":"[object] (Symfony\\Component\\ErrorHandler\\Error\\FatalError(code: 0): Cannot declare class CreatePersonalAccessTokensTable, because the name is already in use at F:\\DO_AN\\Do_An_BQT_88\\database\\migrations\\2024_01_19_031234_create_personal_access_tokens_table.php:7)
[stacktrace]
#0 {main}
"} 
[2024-01-19 03:19:22] local.ERROR: Cannot declare class CreatePersonalAccessTokensTables, because the name is already in use {"exception":"[object] (Symfony\\Component\\ErrorHandler\\Error\\FatalError(code: 0): Cannot declare class CreatePersonalAccessTokensTables, because the name is already in use at F:\\DO_AN\\Do_An_BQT_88\\database\\migrations\\2024_01_19_031234_create_personal_access_tokens_table.php:7)
[stacktrace]
#0 {main}
"} 
[2024-01-19 03:22:17] local.ERROR: Cannot declare class CreatePersonalAccessTokensTables, because the name is already in use {"exception":"[object] (Symfony\\Component\\ErrorHandler\\Error\\FatalError(code: 0): Cannot declare class CreatePersonalAccessTokensTables, because the name is already in use at F:\\DO_AN\\Do_An_BQT_88\\database\\migrations\\2024_01_19_031234_create_personal_access_tokens_table.php:7)
[stacktrace]
#0 {main}
"} 
[2024-01-19 03:24:51] local.ERROR: Cannot declare class CreatePersonalAccessTokensTable, because the name is already in use {"exception":"[object] (Symfony\\Component\\ErrorHandler\\Error\\FatalError(code: 0): Cannot declare class CreatePersonalAccessTokensTable, because the name is already in use at F:\\DO_AN\\Do_An_BQT_88\\database\\migrations\\2024_01_19_031234_create_personal_access_tokens_table.php:7)
[stacktrace]
#0 {main}
"} 
[2024-01-19 03:28:36] local.ERROR: Cannot declare class CreatePersonalAccessTokensTable, because the name is already in use {"exception":"[object] (Symfony\\Component\\ErrorHandler\\Error\\FatalError(code: 0): Cannot declare class CreatePersonalAccessTokensTable, because the name is already in use at F:\\DO_AN\\Do_An_BQT_88\\database\\migrations\\2024_01_19_031234_create_personal_access_tokens_table.php:7)
[stacktrace]
#0 {main}
"} 
[2024-01-19 03:33:34] local.ERROR: Cannot declare class PersonalAccessTokensTable, because the name is already in use {"exception":"[object] (Symfony\\Component\\ErrorHandler\\Error\\FatalError(code: 0): Cannot declare class PersonalAccessTokensTable, because the name is already in use at F:\\DO_AN\\Do_An_BQT_88\\database\\migrations\\2024_01_19_031234_create_personal_access_tokens_table.php:7)
[stacktrace]
#0 {main}
"} 
[2024-01-19 03:34:19] local.ERROR: Cannot declare class PersonalAccessTokensTable, because the name is already in use {"exception":"[object] (Symfony\\Component\\ErrorHandler\\Error\\FatalError(code: 0): Cannot declare class PersonalAccessTokensTable, because the name is already in use at F:\\DO_AN\\Do_An_BQT_88\\database\\migrations\\2024_01_19_031234_create_personal_access_tokens_table.php:7)
[stacktrace]
#0 {main}
"} 
[2024-01-19 03:40:17] local.ERROR: Cannot declare class CreatePersonalAccessTokensTable, because the name is already in use {"exception":"[object] (Symfony\\Component\\ErrorHandler\\Error\\FatalError(code: 0): Cannot declare class CreatePersonalAccessTokensTable, because the name is already in use at F:\\DO_AN\\Do_An_BQT_88\\database\\migrations\\2024_01_19_034002_create_personal_access_tokens_table.php:7)
[stacktrace]
#0 {main}
"} 
